Using pre-set license
Built from '2021.1/staging' branch; Version is '2021.1.6f1 (c0fade0cc7e9) revision 12647134'; Using compiler version '192528614'; Build Type 'Release'
OS: 'Windows 10 Home; OS build 19042.1348; Version 2009; 64bit' Language: 'pt' Physical Memory: 16296 MB
BatchMode: 1, IsHumanControllingUs: 0, StartBugReporterOnCrash: 0, Is64bit: 1, IsPro: 0

 COMMAND LINE ARGUMENTS:
C:\Program Files\Unity 2021.1.6f1\Editor\Unity.exe
-adb2
-batchMode
-noUpm
-name
AssetImportWorker0
-projectPath
D:/Trabalhos/IST/RVir/La Casa de Papers
-logFile
Logs/AssetImportWorker0.log
-srvPort
57957
Successfully changed project path to: D:/Trabalhos/IST/RVir/La Casa de Papers
D:/Trabalhos/IST/RVir/La Casa de Papers
Using Asset Import Pipeline V2.
Refreshing native plugins compatible for Editor in 118.13 ms, found 10 plugins.
Preloading 2 native plugins for Editor in 1.65 ms.
Initialize engine version: 2021.1.6f1 (c0fade0cc7e9)
[Subsystems] Discovering subsystems at path C:/Program Files/Unity 2021.1.6f1/Editor/Data/Resources/UnitySubsystems
[Subsystems] Discovering subsystems at path D:/Trabalhos/IST/RVir/La Casa de Papers/Assets
GfxDevice: creating device client; threaded=0; jobified=0
Direct3D:
    Version:  Direct3D 11.0 [level 11.1]
    Renderer: NVIDIA GeForce RTX 2060 (ID=0x1f08)
    Vendor:   NVIDIA
    VRAM:     5980 MB
    Driver:   27.21.14.6627
Initialize mono
Mono path[0] = 'C:/Program Files/Unity 2021.1.6f1/Editor/Data/Managed'
Mono path[1] = 'C:/Program Files/Unity 2021.1.6f1/Editor/Data/MonoBleedingEdge/lib/mono/unityjit'
Mono config path = 'C:/Program Files/Unity 2021.1.6f1/Editor/Data/MonoBleedingEdge/etc'
Using monoOptions --debugger-agent=transport=dt_socket,embedding=1,server=y,suspend=n,address=127.0.0.1:56164
Begin MonoManager ReloadAssembly
Registering precompiled unity dll's ...
Register platform support module: C:/Program Files/Unity 2021.1.6f1/Editor/Data/PlaybackEngines/WebGLSupport/UnityEditor.WebGL.Extensions.dll
Register platform support module: C:/Program Files/Unity 2021.1.6f1/Editor/Data/PlaybackEngines/WindowsStandaloneSupport/UnityEditor.WindowsStandalone.Extensions.dll
Register platform support module: C:/Program Files/Unity 2021.1.6f1/Editor/Data/PlaybackEngines/LinuxStandaloneSupport/UnityEditor.LinuxStandalone.Extensions.dll
Registered in 0.001975 seconds.
Native extension for LinuxStandalone target not found
Native extension for WindowsStandalone target not found
Native extension for WebGL target not found
Refreshing native plugins compatible for Editor in 78.77 ms, found 10 plugins.
Preloading 2 native plugins for Editor in 0.12 ms.
Mono: successfully reloaded assembly
- Completed reload, in  1.114 seconds
Platform modules already initialized, skipping
Registering precompiled user dll's ...
Registered in 0.004546 seconds.
Begin MonoManager ReloadAssembly
Native extension for LinuxStandalone target not found
Native extension for WindowsStandalone target not found
Native extension for WebGL target not found
Refreshing native plugins compatible for Editor in 0.84 ms, found 10 plugins.
Preloading 2 native plugins for Editor in 0.11 ms.
[XR] OculusXRPlugin: registering subsystems
[XR] Unable to register display lifecyle provider: [1]
[XR] Oculus Input lifecycle provider registered.
[XR] Unable to register input lifecyle provider: [1]
NullReferenceException: Object reference not set to an instance of an object
  at Unity.XR.Oculus.OculusLoader.AssetPathToAbsolutePath (System.String assetPath) [0x00048] in D:\Trabalhos\IST\RVir\La Casa de Papers\Library\PackageCache\com.unity.xr.oculus@1.9.0\Runtime\OculusLoader.cs:249 
  at Unity.XR.Oculus.OculusLoader.EditorLoadOVRPlugin () [0x0007b] in D:\Trabalhos\IST\RVir\La Casa de Papers\Library\PackageCache\com.unity.xr.oculus@1.9.0\Runtime\OculusLoader.cs:234 

(Filename: Library/PackageCache/com.unity.xr.oculus@1.9.0/Runtime/OculusLoader.cs Line: 249)

Mono: successfully reloaded assembly
- Completed reload, in  0.830 seconds
Platform modules already initialized, skipping
========================================================================
Worker process is ready to serve import requests
Launched and connected shader compiler UnityShaderCompiler.exe after 0.04 seconds
Refreshing native plugins compatible for Editor in 0.92 ms, found 10 plugins.
Preloading 2 native plugins for Editor in 0.10 ms.
Unloading 3126 Unused Serialized files (Serialized files now loaded: 0)
System memory in use before: 111.7 MB.
System memory in use after: 111.9 MB.

Unloading 17 unused Assets to reduce memory usage. Loaded Objects now: 3578.
Total: 2.411900 ms (FindLiveObjects: 0.323000 ms CreateObjectMapping: 0.087800 ms MarkObjects: 1.932000 ms  DeleteObjects: 0.067900 ms)

========================================================================
Received Import Request.
  path: Packages/com.unity.xr.windowsmr/package.json
  artifactKey: Guid(1d689dbf8d894e24eac8b30b7e4b1b9e) Importer(815301076,1909f56bfc062723c751e8b465ee728b)
Start importing Packages/com.unity.xr.windowsmr/package.json using Guid(1d689dbf8d894e24eac8b30b7e4b1b9e) Importer(815301076,1909f56bfc062723c751e8b465ee728b)  -> (artifact id: '18e8d74d377ab55af22b629fef55694c') in 0.030504 seconds 
========================================================================
Received Import Request.
  Time since last request: 0.000168 seconds.
  path: Packages/com.unity.ide.rider/package.json
  artifactKey: Guid(66c95bb3c74257f41bae2622511dc02d) Importer(815301076,1909f56bfc062723c751e8b465ee728b)
Start importing Packages/com.unity.ide.rider/package.json using Guid(66c95bb3c74257f41bae2622511dc02d) Importer(815301076,1909f56bfc062723c751e8b465ee728b)  -> (artifact id: 'b9749e32f12d72c262c03610bfceec6f') in 0.001462 seconds 
========================================================================
Received Import Request.
  Time since last request: 1.717142 seconds.
  path: Packages/com.unity.xr.oculus/package.json
  artifactKey: Guid(8cf6f256af772d24eab8f4be77c7fe43) Importer(815301076,1909f56bfc062723c751e8b465ee728b)
Start importing Packages/com.unity.xr.oculus/package.json using Guid(8cf6f256af772d24eab8f4be77c7fe43) Importer(815301076,1909f56bfc062723c751e8b465ee728b)  -> (artifact id: 'e94c3b611d14c14c4d54b4fe84403ae1') in 0.001489 seconds 
========================================================================
Received Import Request.
  Time since last request: 114.959969 seconds.
  path: Assets/Office Supplies Low Poly/Assets
  artifactKey: Guid(3152bdf6a5b4d4e03aff4ca2983eaa80) Importer(815301076,1909f56bfc062723c751e8b465ee728b)
Start importing Assets/Office Supplies Low Poly/Assets using Guid(3152bdf6a5b4d4e03aff4ca2983eaa80) Importer(815301076,1909f56bfc062723c751e8b465ee728b)  -> (artifact id: 'bbdcf2e0a5d881539106e16aea9ee2f2') in 0.001403 seconds 
========================================================================
Received Import Request.
  Time since last request: 2.042549 seconds.
  path: Assets/Office Supplies Low Poly/Assets/Prefabs
  artifactKey: Guid(96f5c506aa64b4b2ca1f4a105186f19a) Importer(815301076,1909f56bfc062723c751e8b465ee728b)
Start importing Assets/Office Supplies Low Poly/Assets/Prefabs using Guid(96f5c506aa64b4b2ca1f4a105186f19a) Importer(815301076,1909f56bfc062723c751e8b465ee728b)  -> (artifact id: 'ced71b181b48f3ce98348aaa7a568bb8') in 0.001603 seconds 
========================================================================
Received Import Request.
  Time since last request: 0.050993 seconds.
  path: Assets/Office Supplies Low Poly/Assets/Prefabs/Eraser.prefab
  artifactKey: Guid(87332db484d7e492aa5fa22bea62c7ae) Importer(815301076,1909f56bfc062723c751e8b465ee728b)
Start importing Assets/Office Supplies Low Poly/Assets/Prefabs/Eraser.prefab using Guid(87332db484d7e492aa5fa22bea62c7ae) Importer(815301076,1909f56bfc062723c751e8b465ee728b)  -> (artifact id: '5f1bd948916d299161092c3214d5923a') in 0.149342 seconds 
========================================================================
Received Import Request.
  Time since last request: 0.000242 seconds.
  path: Assets/Office Supplies Low Poly/Assets/Prefabs/Pen red.prefab
  artifactKey: Guid(3776143458c1e4611ab6519e2a3538a8) Importer(815301076,1909f56bfc062723c751e8b465ee728b)
Start importing Assets/Office Supplies Low Poly/Assets/Prefabs/Pen red.prefab using Guid(3776143458c1e4611ab6519e2a3538a8) Importer(815301076,1909f56bfc062723c751e8b465ee728b)  -> (artifact id: 'da1d93156fc172135a92ffbb5269b20e') in 0.016865 seconds 
========================================================================
Received Import Request.
  Time since last request: 0.000395 seconds.
  path: Assets/Office Supplies Low Poly/Assets/Prefabs/Highlighter pen green.prefab
  artifactKey: Guid(01a9109d2ae204b34973b0a645f204e2) Importer(815301076,1909f56bfc062723c751e8b465ee728b)
Start importing Assets/Office Supplies Low Poly/Assets/Prefabs/Highlighter pen green.prefab using Guid(01a9109d2ae204b34973b0a645f204e2) Importer(815301076,1909f56bfc062723c751e8b465ee728b)  -> (artifact id: 'e1b5ee50ccc3092035497903192e2587') in 0.013658 seconds 
========================================================================
Received Import Request.
  Time since last request: 0.000203 seconds.
  path: Assets/Office Supplies Low Poly/Assets/Prefabs/Highlighter pen blue.prefab
  artifactKey: Guid(c023af939834e46cf86badfc7ff712d0) Importer(815301076,1909f56bfc062723c751e8b465ee728b)
Start importing Assets/Office Supplies Low Poly/Assets/Prefabs/Highlighter pen blue.prefab using Guid(c023af939834e46cf86badfc7ff712d0) Importer(815301076,1909f56bfc062723c751e8b465ee728b)  -> (artifact id: '04d802ecb12d6ad6751a82db62b01959') in 0.012421 seconds 
========================================================================
Received Import Request.
  Time since last request: 0.000277 seconds.
  path: Assets/Office Supplies Low Poly/Assets/Prefabs/Pen blue.prefab
  artifactKey: Guid(a85ac51e8240148b590aefe2dcd253f6) Importer(815301076,1909f56bfc062723c751e8b465ee728b)
Start importing Assets/Office Supplies Low Poly/Assets/Prefabs/Pen blue.prefab using Guid(a85ac51e8240148b590aefe2dcd253f6) Importer(815301076,1909f56bfc062723c751e8b465ee728b)  -> (artifact id: '8150264e380204542d571e46490b316d') in 0.012629 seconds 
========================================================================
Received Import Request.
  Time since last request: 0.000225 seconds.
  path: Assets/Office Supplies Low Poly/Assets/Prefabs/Pen green.prefab
  artifactKey: Guid(9df42cb7f53414f2fb812616ffe019e4) Importer(815301076,1909f56bfc062723c751e8b465ee728b)
Start importing Assets/Office Supplies Low Poly/Assets/Prefabs/Pen green.prefab using Guid(9df42cb7f53414f2fb812616ffe019e4) Importer(815301076,1909f56bfc062723c751e8b465ee728b)  -> (artifact id: 'b537999a08ae407143339ebbdce38da3') in 0.014134 seconds 
========================================================================
Received Import Request.
  Time since last request: 0.000282 seconds.
  path: Assets/Office Supplies Low Poly/Assets/Prefabs/Highlighter pen pink.prefab
  artifactKey: Guid(6668c50ebd12547d9a9d689bd28fd624) Importer(815301076,1909f56bfc062723c751e8b465ee728b)
Start importing Assets/Office Supplies Low Poly/Assets/Prefabs/Highlighter pen pink.prefab using Guid(6668c50ebd12547d9a9d689bd28fd624) Importer(815301076,1909f56bfc062723c751e8b465ee728b)  -> (artifact id: 'cd7a891beaad7059282b4c64e27ca1e5') in 0.014037 seconds 
========================================================================
Received Import Request.
  Time since last request: 0.000289 seconds.
  path: Assets/Office Supplies Low Poly/Assets/Prefabs/Highlighter pen yellow.prefab
  artifactKey: Guid(8a6bf0c92a7154d62bb76dc5e101e0de) Importer(815301076,1909f56bfc062723c751e8b465ee728b)
Start importing Assets/Office Supplies Low Poly/Assets/Prefabs/Highlighter pen yellow.prefab using Guid(8a6bf0c92a7154d62bb76dc5e101e0de) Importer(815301076,1909f56bfc062723c751e8b465ee728b)  -> (artifact id: '8f71cdf91f333319c0ffb85a5ea464f3') in 0.016203 seconds 
========================================================================
Received Import Request.
  Time since last request: 0.000278 seconds.
  path: Assets/Office Supplies Low Poly/Assets/Prefabs/Pen black.prefab
  artifactKey: Guid(b2ba957224087475eb7804e492ea272e) Importer(815301076,1909f56bfc062723c751e8b465ee728b)
Start importing Assets/Office Supplies Low Poly/Assets/Prefabs/Pen black.prefab using Guid(b2ba957224087475eb7804e492ea272e) Importer(815301076,1909f56bfc062723c751e8b465ee728b)  -> (artifact id: 'f01c9b20e494494ff1e165ed2745ce08') in 0.012856 seconds 
========================================================================
Received Import Request.
  Time since last request: 12.024559 seconds.
  path: Assets/Office Supplies Low Poly/Assets/Materials/Office Supplies Low Poly Shared Material.mat
  artifactKey: Guid(9a831dc5c32c94bc7bb4c555bffe1950) Importer(815301076,1909f56bfc062723c751e8b465ee728b)
Start importing Assets/Office Supplies Low Poly/Assets/Materials/Office Supplies Low Poly Shared Material.mat using Guid(9a831dc5c32c94bc7bb4c555bffe1950) Importer(815301076,1909f56bfc062723c751e8b465ee728b)  -> (artifact id: '553a3e2bdaec42381cc43824c41790e4') in 0.023502 seconds 
========================================================================
Received Import Request.
  Time since last request: 0.730246 seconds.
  path: Assets/Office Supplies Low Poly/Assets/Textures/Office Supplies Low Poly Shared Texture.png
  artifactKey: Guid(ceac69e7a89a0406b9cc8306168f4932) Importer(815301076,1909f56bfc062723c751e8b465ee728b)
Start importing Assets/Office Supplies Low Poly/Assets/Textures/Office Supplies Low Poly Shared Texture.png using Guid(ceac69e7a89a0406b9cc8306168f4932) Importer(815301076,1909f56bfc062723c751e8b465ee728b)  -> (artifact id: '674a359df81a284a8e859da41bcc9882') in 0.037097 seconds 
========================================================================
Received Import Request.
  Time since last request: 0.518481 seconds.
  path: Assets/Office Supplies Low Poly/Assets/FBX/Eraser.fbx
  artifactKey: Guid(1c153fe863f3c4e618cc7810fd8fee58) Importer(815301076,1909f56bfc062723c751e8b465ee728b)
Start importing Assets/Office Supplies Low Poly/Assets/FBX/Eraser.fbx using Guid(1c153fe863f3c4e618cc7810fd8fee58) Importer(815301076,1909f56bfc062723c751e8b465ee728b)  -> (artifact id: 'b0404fcf44060918f55c4b5799909438') in 0.038343 seconds 
========================================================================
Received Import Request.
  Time since last request: 0.000262 seconds.
  path: Assets/Office Supplies Low Poly/Assets/FBX/Pen red.fbx
  artifactKey: Guid(df0b0a058ea60429e89e34a1179f1a10) Importer(815301076,1909f56bfc062723c751e8b465ee728b)
Start importing Assets/Office Supplies Low Poly/Assets/FBX/Pen red.fbx using Guid(df0b0a058ea60429e89e34a1179f1a10) Importer(815301076,1909f56bfc062723c751e8b465ee728b)  -> (artifact id: 'a10cf96c5eb7ab777ba86be8c318293f') in 0.017463 seconds 
========================================================================
Received Import Request.
  Time since last request: 0.000242 seconds.
  path: Assets/Office Supplies Low Poly/Assets/FBX/Pen blue.fbx
  artifactKey: Guid(662d199f7e14c4337b2bec39f50c7143) Importer(815301076,1909f56bfc062723c751e8b465ee728b)
Start importing Assets/Office Supplies Low Poly/Assets/FBX/Pen blue.fbx using Guid(662d199f7e14c4337b2bec39f50c7143) Importer(815301076,1909f56bfc062723c751e8b465ee728b)  -> (artifact id: '2f1e661e41d65f19f78d17fd88b1c40f') in 0.016952 seconds 
========================================================================
Received Import Request.
  Time since last request: 0.000125 seconds.
  path: Assets/Office Supplies Low Poly/Assets/FBX/Highlighter pen blue.fbx
  artifactKey: Guid(11aaf0f52900e4f70867a6243986ceee) Importer(815301076,1909f56bfc062723c751e8b465ee728b)
Start importing Assets/Office Supplies Low Poly/Assets/FBX/Highlighter pen blue.fbx using Guid(11aaf0f52900e4f70867a6243986ceee) Importer(815301076,1909f56bfc062723c751e8b465ee728b)  -> (artifact id: 'd654192b2d93a1edce37dd49f857a989') in 0.017335 seconds 
========================================================================
Received Import Request.
  Time since last request: 0.000261 seconds.
  path: Assets/Office Supplies Low Poly/Assets/FBX/Highlighter pen green.fbx
  artifactKey: Guid(f72af9046e91c478da8cfab52027ff57) Importer(815301076,1909f56bfc062723c751e8b465ee728b)
Start importing Assets/Office Supplies Low Poly/Assets/FBX/Highlighter pen green.fbx using Guid(f72af9046e91c478da8cfab52027ff57) Importer(815301076,1909f56bfc062723c751e8b465ee728b)  -> (artifact id: 'bf18bb43074215a1aaaa6379f671d003') in 0.018108 seconds 
========================================================================
Received Import Request.
  Time since last request: 0.000234 seconds.
  path: Assets/Office Supplies Low Poly/Assets/FBX/Highlighter pen pink.fbx
  artifactKey: Guid(db4969af4a0f74eb88e7d5a78931f5d2) Importer(815301076,1909f56bfc062723c751e8b465ee728b)
Start importing Assets/Office Supplies Low Poly/Assets/FBX/Highlighter pen pink.fbx using Guid(db4969af4a0f74eb88e7d5a78931f5d2) Importer(815301076,1909f56bfc062723c751e8b465ee728b)  -> (artifact id: '992f020eefcfa507e9475f67208563e7') in 0.016237 seconds 
========================================================================
Received Import Request.
  Time since last request: 0.000268 seconds.
  path: Assets/Office Supplies Low Poly/Assets/FBX/Highlighter pen yellow.fbx
  artifactKey: Guid(df89f2300832849029a10573447b30f7) Importer(815301076,1909f56bfc062723c751e8b465ee728b)
Start importing Assets/Office Supplies Low Poly/Assets/FBX/Highlighter pen yellow.fbx using Guid(df89f2300832849029a10573447b30f7) Importer(815301076,1909f56bfc062723c751e8b465ee728b)  -> (artifact id: '1c2f7615e12bc582ac66d26d96f8e10f') in 0.017257 seconds 
========================================================================
Received Import Request.
  Time since last request: 0.000204 seconds.
  path: Assets/Office Supplies Low Poly/Assets/FBX/Pen black.fbx
  artifactKey: Guid(96c2da0d922d84461abee65d60dfdd46) Importer(815301076,1909f56bfc062723c751e8b465ee728b)
Start importing Assets/Office Supplies Low Poly/Assets/FBX/Pen black.fbx using Guid(96c2da0d922d84461abee65d60dfdd46) Importer(815301076,1909f56bfc062723c751e8b465ee728b)  -> (artifact id: '8532d5e3006287a01eba2df92be2172a') in 0.018717 seconds 
========================================================================
Received Import Request.
  Time since last request: 0.000198 seconds.
  path: Assets/Office Supplies Low Poly/Assets/FBX/Pen green.fbx
  artifactKey: Guid(ef17dc6d5875548089b2f06a00206c18) Importer(815301076,1909f56bfc062723c751e8b465ee728b)
Start importing Assets/Office Supplies Low Poly/Assets/FBX/Pen green.fbx using Guid(ef17dc6d5875548089b2f06a00206c18) Importer(815301076,1909f56bfc062723c751e8b465ee728b)  -> (artifact id: 'b208dd944d83298bce5af2e65e94c90e') in 0.017794 seconds 
AssetImportWorkerClient::OnTransportError - code=2 error=End of file
